<?xml version="1.0" encoding="UTF-8"?>
<testsuite xmlns:xsi="http://www.w3.org/2001/XMLSchema-instance" xsi:noNamespaceSchemaLocation="https://maven.apache.org/surefire/maven-surefire-plugin/xsd/surefire-test-report.xsd" name="com.avantica.examples.Log4jDemo.JUnit5ExampleTest" time="0.012" tests="3" errors="0" skipped="0" failures="0">
  <properties>
    <property name="sun.desktop" value="windows"/>
    <property name="awt.toolkit" value="sun.awt.windows.WToolkit"/>
    <property name="file.encoding.pkg" value="sun.io"/>
    <property name="java.specification.version" value="1.8"/>
    <property name="sun.cpu.isalist" value="amd64"/>
    <property name="sun.jnu.encoding" value="Cp1252"/>
    <property name="java.class.path" value="F:\DEV11\Log4jDemo\target\test-classes;F:\DEV11\Log4jDemo\target\classes;C:\Users\lazlo.mita\.m2\repository\org\junit\jupiter\junit-jupiter-api\5.4.0\junit-jupiter-api-5.4.0.jar;C:\Users\lazlo.mita\.m2\repository\org\apiguardian\apiguardian-api\1.0.0\apiguardian-api-1.0.0.jar;C:\Users\lazlo.mita\.m2\repository\org\opentest4j\opentest4j\1.1.1\opentest4j-1.1.1.jar;C:\Users\lazlo.mita\.m2\repository\org\junit\platform\junit-platform-commons\1.4.0\junit-platform-commons-1.4.0.jar;C:\Users\lazlo.mita\.m2\repository\org\junit\jupiter\junit-jupiter-engine\5.4.0\junit-jupiter-engine-5.4.0.jar;C:\Users\lazlo.mita\.m2\repository\org\junit\platform\junit-platform-engine\1.4.0\junit-platform-engine-1.4.0.jar;C:\Users\lazlo.mita\.m2\repository\org\apache\logging\log4j\log4j-core\2.11.2\log4j-core-2.11.2.jar;C:\Users\lazlo.mita\.m2\repository\org\apache\logging\log4j\log4j-api\2.11.2\log4j-api-2.11.2.jar;"/>
    <property name="java.vm.vendor" value="Oracle Corporation"/>
    <property name="sun.arch.data.model" value="64"/>
    <property name="user.variant" value=""/>
    <property name="java.vendor.url" value="http://java.oracle.com/"/>
    <property name="user.timezone" value="America/La_Paz"/>
    <property name="java.vm.specification.version" value="1.8"/>
    <property name="os.name" value="Windows 10"/>
    <property name="user.country" value="US"/>
    <property name="sun.java.launcher" value="SUN_STANDARD"/>
    <property name="sun.boot.library.path" value="C:\java\jdk1.8.0_202\jre\bin"/>
    <property name="sun.java.command" value="C:\Users\LAZLO~1.MIT\AppData\Local\Temp\surefire3107520033400136295\surefirebooter6717083526634057469.jar C:\Users\lazlo.mita\AppData\Local\Temp\surefire3107520033400136295 2019-02-22T20-13-52_880-jvmRun1 surefire4176718403188985386tmp surefire_07395806573876445931tmp"/>
    <property name="surefire.test.class.path" value="F:\DEV11\Log4jDemo\target\test-classes;F:\DEV11\Log4jDemo\target\classes;C:\Users\lazlo.mita\.m2\repository\org\junit\jupiter\junit-jupiter-api\5.4.0\junit-jupiter-api-5.4.0.jar;C:\Users\lazlo.mita\.m2\repository\org\apiguardian\apiguardian-api\1.0.0\apiguardian-api-1.0.0.jar;C:\Users\lazlo.mita\.m2\repository\org\opentest4j\opentest4j\1.1.1\opentest4j-1.1.1.jar;C:\Users\lazlo.mita\.m2\repository\org\junit\platform\junit-platform-commons\1.4.0\junit-platform-commons-1.4.0.jar;C:\Users\lazlo.mita\.m2\repository\org\junit\jupiter\junit-jupiter-engine\5.4.0\junit-jupiter-engine-5.4.0.jar;C:\Users\lazlo.mita\.m2\repository\org\junit\platform\junit-platform-engine\1.4.0\junit-platform-engine-1.4.0.jar;C:\Users\lazlo.mita\.m2\repository\org\apache\logging\log4j\log4j-core\2.11.2\log4j-core-2.11.2.jar;C:\Users\lazlo.mita\.m2\repository\org\apache\logging\log4j\log4j-api\2.11.2\log4j-api-2.11.2.jar;"/>
    <property name="sun.cpu.endian" value="little"/>
    <property name="user.home" value="C:\Users\lazlo.mita"/>
    <property name="user.language" value="en"/>
    <property name="java.specification.vendor" value="Oracle Corporation"/>
    <property name="java.home" value="C:\java\jdk1.8.0_202\jre"/>
    <property name="basedir" value="F:\DEV11\Log4jDemo"/>
    <property name="file.separator" value="\"/>
    <property name="line.separator" value="&#10;"/>
    <property name="java.vm.specification.vendor" value="Oracle Corporation"/>
    <property name="java.specification.name" value="Java Platform API Specification"/>
    <property name="java.awt.graphicsenv" value="sun.awt.Win32GraphicsEnvironment"/>
    <property name="surefire.real.class.path" value="C:\Users\LAZLO~1.MIT\AppData\Local\Temp\surefire3107520033400136295\surefirebooter6717083526634057469.jar"/>
    <property name="sun.boot.class.path" value="C:\java\jdk1.8.0_202\jre\lib\resources.jar;C:\java\jdk1.8.0_202\jre\lib\rt.jar;C:\java\jdk1.8.0_202\jre\lib\sunrsasign.jar;C:\java\jdk1.8.0_202\jre\lib\jsse.jar;C:\java\jdk1.8.0_202\jre\lib\jce.jar;C:\java\jdk1.8.0_202\jre\lib\charsets.jar;C:\java\jdk1.8.0_202\jre\lib\jfr.jar;C:\java\jdk1.8.0_202\jre\classes"/>
    <property name="user.script" value=""/>
    <property name="sun.management.compiler" value="HotSpot 64-Bit Tiered Compilers"/>
    <property name="java.runtime.version" value="1.8.0_202-b08"/>
    <property name="user.name" value="lazlo.mita"/>
    <property name="path.separator" value=";"/>
    <property name="os.version" value="10.0"/>
    <property name="java.endorsed.dirs" value="C:\java\jdk1.8.0_202\jre\lib\endorsed"/>
    <property name="java.runtime.name" value="Java(TM) SE Runtime Environment"/>
    <property name="file.encoding" value="Cp1252"/>
    <property name="java.vm.name" value="Java HotSpot(TM) 64-Bit Server VM"/>
    <property name="localRepository" value="C:\Users\lazlo.mita\.m2\repository"/>
    <property name="java.vendor.url.bug" value="http://bugreport.sun.com/bugreport/"/>
    <property name="java.io.tmpdir" value="C:\Users\LAZLO~1.MIT\AppData\Local\Temp\"/>
    <property name="java.version" value="1.8.0_202"/>
    <property name="user.dir" value="F:\DEV11\Log4jDemo"/>
    <property name="os.arch" value="amd64"/>
    <property name="java.vm.specification.name" value="Java Virtual Machine Specification"/>
    <property name="java.awt.printerjob" value="sun.awt.windows.WPrinterJob"/>
    <property name="sun.os.patch.level" value=""/>
    <property name="java.library.path" value="C:\java\jdk1.8.0_202\jre\bin;C:\WINDOWS\Sun\Java\bin;C:\WINDOWS\system32;C:\WINDOWS;C:/java/jre1.8.0_202/bin/server;C:/java/jre1.8.0_202/bin;C:/java/jre1.8.0_202/lib/amd64;C:\Program Files (x86)\Common Files\Oracle\Java\javapath;C:\python\Python-3.7.0\\Scripts\;C:\python\Python-3.7.0\;C:\ProgramData\Oracle\Java\javapath;C:\WINDOWS\system32;C:\WINDOWS;C:\WINDOWS\System32\Wbem;C:\WINDOWS\System32\WindowsPowerShell\v1.0\;C:\Program Files\Git\cmd;C:\java\jdk1.6.0_45\bin;C:\Program Files\PuTTY\;C:\Gradle\gradle-2.14.1\bin;C:\perl\Strawberry\c\bin;C:\perl\Strawberry\perl\site\bin;C:\perl\Strawberry\perl\bin;F:\SELENIUM;C:\SELENIUM\DRIVERS;C:\Program Files\Opera\53.0.2907.68;C:\apache-maven-3.5.4\bin;C:\WINDOWS\System32\OpenSSH\;C:\apache-ant-1.9.13\bin;C:\nodejs\;C:\ProgramData\chocolatey\bin;C:\RailsInstaller\Ruby2.3.3\bin;C:\Users\lazlo.mita\scoop\shims;C:\Users\lazlo.mita\AppData\Local\Microsoft\WindowsApps;C:\Users\lazlo.mita\AppData\Local\atom\bin;C:\Users\lazlo.mita\AppData\Local\Programs\Fiddler;C:\Users\lazlo.mita\AppData\Local\Microsoft\WindowsApps;C:\Users\lazlo.mita\AppData\Roaming\npm;C:\Users\lazlo.mita\AppData\Local\.meteor;;C:\WINDOWS\system32;;."/>
    <property name="java.vm.info" value="mixed mode"/>
    <property name="java.vendor" value="Oracle Corporation"/>
    <property name="java.vm.version" value="25.202-b08"/>
    <property name="java.ext.dirs" value="C:\java\jdk1.8.0_202\jre\lib\ext;C:\WINDOWS\Sun\Java\lib\ext"/>
    <property name="sun.io.unicode.encoding" value="UnicodeLittle"/>
    <property name="java.class.version" value="52.0"/>
  </properties>
  <testcase name="justAnExample2" classname="com.avantica.examples.Log4jDemo.JUnit5ExampleTest" time="0.005"/>
  <testcase name="justAnExample3" classname="com.avantica.examples.Log4jDemo.JUnit5ExampleTest" time="0.001"/>
  <testcase name="justAnExample" classname="com.avantica.examples.Log4jDemo.JUnit5ExampleTest" time="0"/>
</testsuite>